Log created: 2014-09-24T17:35:37.646304000Z
Executable: /opt/VirtualBox/VirtualBox
Arg[0]: /opt/VirtualBox/VirtualBox
Arg[1]: --comment
Arg[2]: Xp
Arg[3]: --startvm
Arg[4]: d44fea46-0aa2-49e7-9d66-b473ec357038
Arg[5]: --no-startvm-errormsgbox
1: SUPR0AbsIs64bit
2: SUPR0Abs64bitKernelCS
3: SUPR0Abs64bitKernelSS
4: SUPR0Abs64bitKernelDS
5: SUPR0AbsKernelCS
6: SUPR0AbsKernelSS
7: SUPR0AbsKernelDS
8: SUPR0AbsKernelES
9: SUPR0AbsKernelFS
10: SUPR0AbsKernelGS
11: g_pSUPGlobalInfoPage
12: SUPGetGIP
13: SUPR0ComponentDeregisterFactory
14: SUPR0ComponentQueryFactory
15: SUPR0ComponentRegisterFactory
16: SUPR0ContAlloc
17: SUPR0ContFree
18: SUPR0EnableVTx
19: SUPR0SuspendVTxOnCpu
20: SUPR0ResumeVTxOnCpu
21: SUPR0GetPagingMode
22: SUPR0LockMem
23: SUPR0LowAlloc
24: SUPR0LowFree
25: SUPR0MemAlloc
26: SUPR0MemFree
27: SUPR0MemGetPhys
28: SUPR0ObjAddRef
29: SUPR0ObjAddRefEx
30: SUPR0ObjRegister
31: SUPR0ObjRelease
32: SUPR0ObjVerifyAccess
33: SUPR0PageAllocEx
34: SUPR0PageFree
35: SUPR0Printf
36: SUPR0TracerDeregisterDrv
37: SUPR0TracerDeregisterImpl
38: SUPR0TracerFireProbe
39: SUPR0TracerRegisterDrv
40: SUPR0TracerRegisterImpl
41: SUPR0TracerRegisterModule
42: SUPR0TracerUmodProbeFire
43: SUPR0UnlockMem
44: SUPSemEventClose
45: SUPSemEventCreate
46: SUPSemEventGetResolution
47: SUPSemEventMultiClose
48: SUPSemEventMultiCreate
49: SUPSemEventMultiGetResolution
50: SUPSemEventMultiReset
51: SUPSemEventMultiSignal
52: SUPSemEventMultiWait
53: SUPSemEventMultiWaitNoResume
54: SUPSemEventMultiWaitNsAbsIntr
55: SUPSemEventMultiWaitNsRelIntr
56: SUPSemEventSignal
57: SUPSemEventWait
58: SUPSemEventWaitNoResume
59: SUPSemEventWaitNsAbsIntr
60: SUPSemEventWaitNsRelIntr
61: RTAssertAreQuiet
62: RTAssertMayPanic
63: RTAssertMsg1
64: RTAssertMsg2AddV
65: RTAssertMsg2V
66: RTAssertSetMayPanic
67: RTAssertSetQuiet
68: RTCrc32
69: RTCrc32Finish
70: RTCrc32Process
71: RTCrc32Start
72: RTErrConvertFromErrno
73: RTErrConvertToErrno
74: RTHandleTableAllocWithCtx
75: RTHandleTableCreate
76: RTHandleTableCreateEx
77: RTHandleTableDestroy
78: RTHandleTableFreeWithCtx
79: RTHandleTableLookupWithCtx
80: RTLogDefaultInstance
81: RTLogGetDefaultInstance
82: RTLogLoggerExV
83: RTLogPrintfV
84: RTLogRelDefaultInstance
85: RTLogSetDefaultInstanceThread
86: RTMemAllocExTag
87: RTMemAllocTag
88: RTMemAllocVarTag
89: RTMemAllocZTag
90: RTMemAllocZVarTag
91: RTMemDupExTag
92: RTMemDupTag
93: RTMemFree
94: RTMemFreeEx
95: RTMemReallocTag
96: RTMpCpuId
97: RTMpCpuIdFromSetIndex
98: RTMpCpuIdToSetIndex
99: RTMpGetArraySize
100: RTMpGetCount
101: RTMpGetMaxCpuId
102: RTMpGetOnlineCount
103: RTMpGetOnlineSet
104: RTMpGetSet
105: RTMpIsCpuOnline
106: RTMpIsCpuPossible
107: RTMpIsCpuWorkPending
108: RTMpNotificationDeregister
109: RTMpNotificationRegister
110: RTMpOnAll
111: RTMpOnOthers
112: RTMpOnSpecific
113: RTMpPokeCpu
114: RTNetIPv4AddDataChecksum
115: RTNetIPv4AddTCPChecksum
116: RTNetIPv4AddUDPChecksum
117: RTNetIPv4FinalizeChecksum
118: RTNetIPv4HdrChecksum
119: RTNetIPv4IsDHCPValid
120: RTNetIPv4IsHdrValid
121: RTNetIPv4IsTCPSizeValid
122: RTNetIPv4IsTCPValid
123: RTNetIPv4IsUDPSizeValid
124: RTNetIPv4IsUDPValid
125: RTNetIPv4PseudoChecksum
126: RTNetIPv4PseudoChecksumBits
127: RTNetIPv4TCPChecksum
128: RTNetIPv4UDPChecksum
129: RTNetIPv6PseudoChecksum
130: RTNetIPv6PseudoChecksumBits
131: RTNetIPv6PseudoChecksumEx
132: RTNetTCPChecksum
133: RTNetUDPChecksum
134: RTPowerNotificationDeregister
135: RTPowerNotificationRegister
136: RTProcSelf
137: RTR0AssertPanicSystem
138: RTR0MemAreKrnlAndUsrDifferent
139: RTR0MemKernelIsValidAddr
140: RTR0MemKernelCopyFrom
141: RTR0MemKernelCopyTo
142: RTR0MemObjAddress
143: RTR0MemObjAddressR3
144: RTR0MemObjAllocContTag
145: RTR0MemObjAllocLowTag
146: RTR0MemObjAllocPageTag
147: RTR0MemObjAllocPhysExTag
148: RTR0MemObjAllocPhysNCTag
149: RTR0MemObjAllocPhysTag
150: RTR0MemObjEnterPhysTag
151: RTR0MemObjFree
152: RTR0MemObjGetPagePhysAddr
153: RTR0MemObjIsMapping
154: RTR0MemObjLockUserTag
155: RTR0MemObjMapKernelExTag
156: RTR0MemObjMapKernelTag
157: RTR0MemObjMapUserTag
158: RTR0MemObjProtect
159: RTR0MemObjSize
160: RTR0MemUserCopyFrom
161: RTR0MemUserCopyTo
162: RTR0MemUserIsValidAddr
163: RTR0ProcHandleSelf
164: RTSemEventCreate
165: RTSemEventDestroy
166: RTSemEventGetResolution
167: RTSemEventMultiCreate
168: RTSemEventMultiDestroy
169: RTSemEventMultiGetResolution
170: RTSemEventMultiReset
171: RTSemEventMultiSignal
172: RTSemEventMultiWait
173: RTSemEventMultiWaitEx
174: RTSemEventMultiWaitExDebug
175: RTSemEventMultiWaitNoResume
176: RTSemEventSignal
177: RTSemEventWait
178: RTSemEventWaitEx
179: RTSemEventWaitExDebug
180: RTSemEventWaitNoResume
181: RTSemFastMutexCreate
182: RTSemFastMutexDestroy
183: RTSemFastMutexRelease
184: RTSemFastMutexRequest
185: RTSemMutexCreate
186: RTSemMutexDestroy
187: RTSemMutexRelease
188: RTSemMutexRequest
189: RTSemMutexRequestDebug
190: RTSemMutexRequestNoResume
191: RTSemMutexRequestNoResumeDebug
192: RTSpinlockAcquire
193: RTSpinlockCreate
194: RTSpinlockDestroy
195: RTSpinlockRelease
196: RTSpinlockReleaseNoInts
197: RTStrCopy
198: RTStrDupTag
199: RTStrFormat
200: RTStrFormatNumber
201: RTStrFormatTypeDeregister
202: RTStrFormatTypeRegister
203: RTStrFormatTypeSetUser
204: RTStrFormatV
205: RTStrFree
206: RTStrNCmp
207: RTStrPrintf
208: RTStrPrintfEx
209: RTStrPrintfExV
210: RTStrPrintfV
211: RTThreadCreate
212: RTThreadCtxHooksAreRegistered
213: RTThreadCtxHooksCreate
214: RTThreadCtxHooksDeregister
215: RTThreadCtxHooksRegister
216: RTThreadCtxHooksRelease
217: RTThreadCtxHooksRetain
218: RTThreadGetName
219: RTThreadGetNative
220: RTThreadGetType
221: RTThreadIsInInterrupt
222: RTThreadNativeSelf
223: RTThreadPreemptDisable
224: RTThreadPreemptIsEnabled
225: RTThreadPreemptIsPending
226: RTThreadPreemptIsPendingTrusty
227: RTThreadPreemptIsPossible
228: RTThreadPreemptRestore
229: RTThreadSelf
230: RTThreadSelfName
231: RTThreadSleep
232: RTThreadUserReset
233: RTThreadUserSignal
234: RTThreadUserWait
235: RTThreadUserWaitNoResume
236: RTThreadWait
237: RTThreadWaitNoResume
238: RTThreadYield
239: RTTimeMilliTS
240: RTTimeNanoTS
241: RTTimeNow
242: RTTimerCanDoHighResolution
243: RTTimerChangeInterval
244: RTTimerCreate
245: RTTimerCreateEx
246: RTTimerDestroy
247: RTTimerGetSystemGranularity
248: RTTimerReleaseSystemGranularity
249: RTTimerRequestSystemGranularity
250: RTTimerStart
251: RTTimerStop
252: RTTimeSystemMilliTS
253: RTTimeSystemNanoTS
254: RTUuidCompare
255: RTUuidCompareStr
256: RTUuidFromStr
